{"/Users/seniorconsultant/Documents/myProjects/bible/.eslintrc.js": {"path":"/Users/seniorconsultant/Documents/myProjects/bible/.eslintrc.js","statementMap":{"0":{"start":{"line":1,"column":0},"end":{"line":null,"column":-1}}},"fnMap":{},"branchMap":{},"s":{"0":0},"f":{},"b":{}}
,"/Users/seniorconsultant/Documents/myProjects/bible/webpack.config.js": {"path":"/Users/seniorconsultant/Documents/myProjects/bible/webpack.config.js","statementMap":{"0":{"start":{"line":1,"column":13},"end":{"line":1,"column":28}},"1":{"start":{"line":2,"column":26},"end":{"line":2,"column":64}},"2":{"start":{"line":4,"column":21},"end":{"line":6,"column":2}},"3":{"start":{"line":8,"column":0},"end":{"line":46,"column":2}}},"fnMap":{},"branchMap":{},"s":{"0":1,"1":1,"2":1,"3":1},"f":{},"b":{},"_coverageSchema":"332fd63041d2c1bcb487cc26dd0d5f7d97098a6c","hash":"05ef97c8d49d0f46af3d3e41999bac9398bac73a"}
,"/Users/seniorconsultant/Documents/myProjects/bible/frontend/App.js": {"path":"/Users/seniorconsultant/Documents/myProjects/bible/frontend/App.js","statementMap":{"0":{"start":{"line":1,"column":0},"end":{"line":null,"column":-1}},"1":{"start":{"line":5,"column":14},"end":{"line":5,"column":4}},"2":{"start":{"line":8,"column":4},"end":{"line":null,"column":-1}}},"fnMap":{},"branchMap":{},"s":{"0":0,"1":0,"2":0},"f":{},"b":{}}
,"/Users/seniorconsultant/Documents/myProjects/bible/frontend/index.js": {"path":"/Users/seniorconsultant/Documents/myProjects/bible/frontend/index.js","statementMap":{"0":{"start":{"line":1,"column":0},"end":{"line":null,"column":-1}},"1":{"start":{"line":2,"column":0},"end":{"line":null,"column":-1}},"2":{"start":{"line":3,"column":0},"end":{"line":null,"column":-1}},"3":{"start":{"line":5,"column":0},"end":{"line":null,"column":-1}}},"fnMap":{},"branchMap":{},"s":{"0":0,"1":0,"2":0,"3":0},"f":{},"b":{}}
,"/Users/seniorconsultant/Documents/myProjects/bible/graphe/app.js": {"path":"/Users/seniorconsultant/Documents/myProjects/bible/graphe/app.js","statementMap":{"0":{"start":{"line":1,"column":20},"end":{"line":1,"column":42}},"1":{"start":{"line":4,"column":16},"end":{"line":4,"column":34}},"2":{"start":{"line":5,"column":13},"end":{"line":5,"column":28}},"3":{"start":{"line":6,"column":21},"end":{"line":6,"column":45}},"4":{"start":{"line":7,"column":15},"end":{"line":7,"column":32}},"5":{"start":{"line":8,"column":16},"end":{"line":8,"column":34}},"6":{"start":{"line":9,"column":29},"end":{"line":9,"column":62}},"7":{"start":{"line":10,"column":15},"end":{"line":10,"column":46}},"8":{"start":{"line":12,"column":17},"end":{"line":12,"column":32}},"9":{"start":{"line":14,"column":20},"end":{"line":14,"column":45}},"10":{"start":{"line":15,"column":20},"end":{"line":15,"column":45}},"11":{"start":{"line":17,"column":12},"end":{"line":17,"column":21}},"12":{"start":{"line":18,"column":0},"end":{"line":18,"column":10}},"13":{"start":{"line":21,"column":0},"end":{"line":21,"column":48}},"14":{"start":{"line":22,"column":0},"end":{"line":22,"column":30}},"15":{"start":{"line":24,"column":0},"end":{"line":26,"column":4}},"16":{"start":{"line":28,"column":0},"end":{"line":28,"column":23}},"17":{"start":{"line":29,"column":0},"end":{"line":29,"column":24}},"18":{"start":{"line":30,"column":0},"end":{"line":30,"column":49}},"19":{"start":{"line":31,"column":0},"end":{"line":31,"column":24}},"20":{"start":{"line":32,"column":0},"end":{"line":32,"column":56}},"21":{"start":{"line":34,"column":0},"end":{"line":34,"column":26}},"22":{"start":{"line":35,"column":0},"end":{"line":35,"column":31}},"23":{"start":{"line":38,"column":0},"end":{"line":40,"column":3}},"24":{"start":{"line":39,"column":2},"end":{"line":39,"column":25}},"25":{"start":{"line":43,"column":0},"end":{"line":51,"column":3}},"26":{"start":{"line":45,"column":2},"end":{"line":45,"column":35}},"27":{"start":{"line":46,"column":2},"end":{"line":46,"column":69}},"28":{"start":{"line":49,"column":2},"end":{"line":49,"column":32}},"29":{"start":{"line":50,"column":2},"end":{"line":50,"column":23}},"30":{"start":{"line":53,"column":0},"end":{"line":53,"column":21}}},"fnMap":{"0":{"name":"(anonymous_0)","decl":{"start":{"line":38,"column":8},"end":{"line":38,"column":9}},"loc":{"start":{"line":38,"column":28},"end":{"line":40,"column":1}},"line":38},"1":{"name":"(anonymous_1)","decl":{"start":{"line":43,"column":8},"end":{"line":43,"column":9}},"loc":{"start":{"line":43,"column":27},"end":{"line":51,"column":1}},"line":43}},"branchMap":{"0":{"loc":{"start":{"line":46,"column":21},"end":{"line":46,"column":68}},"type":"cond-expr","locations":[{"start":{"line":46,"column":60},"end":{"line":46,"column":63}},{"start":{"line":46,"column":66},"end":{"line":46,"column":68}}],"line":46},"1":{"loc":{"start":{"line":49,"column":13},"end":{"line":49,"column":30}},"type":"binary-expr","locations":[{"start":{"line":49,"column":13},"end":{"line":49,"column":23}},{"start":{"line":49,"column":27},"end":{"line":49,"column":30}}],"line":49}},"s":{"0":1,"1":1,"2":1,"3":1,"4":1,"5":1,"6":1,"7":1,"8":1,"9":1,"10":1,"11":1,"12":1,"13":1,"14":1,"15":1,"16":1,"17":1,"18":1,"19":1,"20":1,"21":1,"22":1,"23":1,"24":0,"25":1,"26":0,"27":0,"28":0,"29":0,"30":1},"f":{"0":0,"1":0},"b":{"0":[0,0],"1":[0,0]},"_coverageSchema":"332fd63041d2c1bcb487cc26dd0d5f7d97098a6c","hash":"19c6d804cfe4bb0fa1e5c7906fcfc2bcc5b925d0"}
,"/Users/seniorconsultant/Documents/myProjects/bible/graphe/config/config.js": {"path":"/Users/seniorconsultant/Documents/myProjects/bible/graphe/config/config.js","statementMap":{"0":{"start":{"line":1,"column":19},"end":{"line":7,"column":1}}},"fnMap":{},"branchMap":{},"s":{"0":1},"f":{},"b":{},"_coverageSchema":"332fd63041d2c1bcb487cc26dd0d5f7d97098a6c","hash":"3eda8f906bc5d81932f44aa91422084cf1a9d07b"}
,"/Users/seniorconsultant/Documents/myProjects/bible/graphe/config/database.js": {"path":"/Users/seniorconsultant/Documents/myProjects/bible/graphe/config/database.js","statementMap":{"0":{"start":{"line":4,"column":0},"end":{"line":4,"column":34}},"1":{"start":{"line":6,"column":23},"end":{"line":6,"column":78}},"2":{"start":{"line":6,"column":47},"end":{"line":6,"column":78}}},"fnMap":{"0":{"name":"(anonymous_0)","decl":{"start":{"line":6,"column":23},"end":{"line":6,"column":24}},"loc":{"start":{"line":6,"column":47},"end":{"line":6,"column":78}},"line":6}},"branchMap":{"0":{"loc":{"start":{"line":6,"column":24},"end":{"line":6,"column":42}},"type":"default-arg","locations":[{"start":{"line":6,"column":33},"end":{"line":6,"column":42}}],"line":6}},"s":{"0":1,"1":1,"2":1},"f":{"0":1},"b":{"0":[1]},"_coverageSchema":"332fd63041d2c1bcb487cc26dd0d5f7d97098a6c","hash":"64b24bc4aba077d5bbc8963539a238604527f9cb"}
,"/Users/seniorconsultant/Documents/myProjects/bible/graphe/models/bibleSchema.js": {"path":"/Users/seniorconsultant/Documents/myProjects/bible/graphe/models/bibleSchema.js","statementMap":{"0":{"start":{"line":1,"column":17},"end":{"line":1,"column":0}},"1":{"start":{"line":2,"column":15},"end":{"line":2,"column":0}},"2":{"start":{"line":4,"column":20},"end":{"line":4,"column":0}},"3":{"start":{"line":8,"column":14},"end":{"line":8,"column":0}},"4":{"start":{"line":10,"column":14},"end":{"line":10,"column":0}}},"fnMap":{},"branchMap":{},"s":{"0":0,"1":0,"2":0,"3":0,"4":0},"f":{},"b":{}}
,"/Users/seniorconsultant/Documents/myProjects/bible/graphe/routes/index.js": {"path":"/Users/seniorconsultant/Documents/myProjects/bible/graphe/routes/index.js","statementMap":{"0":{"start":{"line":1,"column":16},"end":{"line":1,"column":34}},"1":{"start":{"line":3,"column":15},"end":{"line":3,"column":31}},"2":{"start":{"line":6,"column":0},"end":{"line":10,"column":3}},"3":{"start":{"line":7,"column":2},"end":{"line":9,"column":5}},"4":{"start":{"line":12,"column":0},"end":{"line":12,"column":24}}},"fnMap":{"0":{"name":"(anonymous_0)","decl":{"start":{"line":6,"column":16},"end":{"line":6,"column":17}},"loc":{"start":{"line":6,"column":42},"end":{"line":10,"column":1}},"line":6}},"branchMap":{},"s":{"0":1,"1":1,"2":1,"3":1,"4":1},"f":{"0":1},"b":{},"_coverageSchema":"332fd63041d2c1bcb487cc26dd0d5f7d97098a6c","hash":"0fabf62da6aa66cad515e810557e28bc009d4be7"}
,"/Users/seniorconsultant/Documents/myProjects/bible/graphe/routes/users.js": {"path":"/Users/seniorconsultant/Documents/myProjects/bible/graphe/routes/users.js","statementMap":{"0":{"start":{"line":1,"column":14},"end":{"line":1,"column":32}},"1":{"start":{"line":2,"column":13},"end":{"line":2,"column":29}},"2":{"start":{"line":5,"column":0},"end":{"line":7,"column":3}},"3":{"start":{"line":6,"column":2},"end":{"line":6,"column":42}},"4":{"start":{"line":9,"column":0},"end":{"line":9,"column":24}}},"fnMap":{"0":{"name":"(anonymous_0)","decl":{"start":{"line":5,"column":16},"end":{"line":5,"column":17}},"loc":{"start":{"line":5,"column":41},"end":{"line":7,"column":1}},"line":5}},"branchMap":{},"s":{"0":1,"1":1,"2":1,"3":0,"4":1},"f":{"0":0},"b":{},"_coverageSchema":"332fd63041d2c1bcb487cc26dd0d5f7d97098a6c","hash":"00e836a3d3d9c2560aff4e9f700ec98a80a921b6"}
}
